<?xml version="1.0" encoding="UTF-8"?>
<!-- Generated by org.testng.reporters.JUnitReportReporter -->
<testsuite hostname="DESKTOP-6NI18F4" failures="0" tests="1" name="parallel.ParallelRun" time="21.402" errors="0" timestamp="24 Feb 2022 13:13:56 GMT" skipped="0">
  <testcase classname="parallel.ParallelRun" name="runScenario" time="21.402"/>
</testsuite> <!-- parallel.ParallelRun -->
