<?xml version="1.0" encoding="UTF-8"?>
<!-- Generated by org.testng.reporters.JUnitReportReporter -->
<testsuite hostname="DESKTOP-6NI18F4" failures="0" tests="1" name="parallel.ParallelRun" time="21.682" errors="0" timestamp="07 Mar 2022 04:39:42 GMT" skipped="0">
  <testcase classname="parallel.ParallelRun" name="runScenario" time="21.682"/>
</testsuite> <!-- parallel.ParallelRun -->
